f3Ftimer/manifest-merger-release-report.txt
-- Merging decision tree log ---
manifest
ADDED from AndroidManifest.xml:2:1
	package
		ADDED from AndroidManifest.xml:3:5
		INJECTED from AndroidManifest.xml:0:0
		INJECTED from AndroidManifest.xml:0:0
	android:versionName
		ADDED from AndroidManifest.xml:5:5
	android:versionCode
		ADDED from AndroidManifest.xml:4:5
		INJECTED from AndroidManifest.xml:0:0
		INJECTED from AndroidManifest.xml:0:0
	xmlns:android
		ADDED from AndroidManifest.xml:2:11
uses-sdk
ADDED from AndroidManifest.xml:7:5
MERGED from F3Ftimer:iOIOLibAccessory:unspecified:7:5
MERGED from F3Ftimer:iOIOLibBT:unspecified:7:5
MERGED from com.android.support:support-v4:21.0.3:15:5
MERGED from com.hoho.android:usbSerialForAndroid:0.2.0-SNAPSHOT:7:5
	android:targetSdkVersion
		ADDED from AndroidManifest.xml:9:9
		INJECTED from AndroidManifest.xml:0:0
		INJECTED from AndroidManifest.xml:0:0
	android:minSdkVersion
		ADDED from AndroidManifest.xml:8:9
		INJECTED from AndroidManifest.xml:0:0
		INJECTED from AndroidManifest.xml:0:0
uses-permission#android.permission.INTERNET
ADDED from AndroidManifest.xml:10:5
MERGED from F3Ftimer:iOIOLibAndroid:unspecified:7:5
MERGED from F3Ftimer:iOIOLibAndroid:unspecified:7:5
MERGED from F3Ftimer:iOIOLibAndroid:unspecified:7:5
	android:name
		ADDED from AndroidManifest.xml:10:22
uses-permission#android.permission.ACCESS_NETWORK_STATE
ADDED from AndroidManifest.xml:11:5
	android:name
		ADDED from AndroidManifest.xml:11:22
uses-permission#android.permission.BLUETOOTH
ADDED from AndroidManifest.xml:12:5
	android:name
		ADDED from AndroidManifest.xml:12:22
uses-permission#android.permission.BLUETOOTH_ADMIN
ADDED from AndroidManifest.xml:13:5
	android:name
		ADDED from AndroidManifest.xml:13:22
uses-permission#android.permission.WRITE_EXTERNAL_STORAGE
ADDED from AndroidManifest.xml:14:2
	android:name
		ADDED from AndroidManifest.xml:14:19
uses-permission#android.permission.ACCESS_WIFI_STATE
ADDED from AndroidManifest.xml:15:2
	android:name
		ADDED from AndroidManifest.xml:15:19
uses-permission#android.permission.CHANGE_WIFI_STATE
ADDED from AndroidManifest.xml:16:2
	android:name
		ADDED from AndroidManifest.xml:16:19
application
ADDED from AndroidManifest.xml:18:5
MERGED from com.android.support:support-v4:21.0.3:16:5
	android:label
		ADDED from AndroidManifest.xml:21:9
	android:allowBackup
		ADDED from AndroidManifest.xml:19:9
	android:icon
		ADDED from AndroidManifest.xml:20:9
	android:theme
		ADDED from AndroidManifest.xml:22:9
	android:name
		ADDED from AndroidManifest.xml:23:9
uses-library#com.android.future.usb.accessory
ADDED from AndroidManifest.xml:25:9
	android:required
		ADDED from AndroidManifest.xml:25:71
	android:name
		ADDED from AndroidManifest.xml:25:23
activity#com.marktreble.f3ftimer.racemanager.RaceListActivity
ADDED from AndroidManifest.xml:28:9
	android:clearTaskOnLaunch
		ADDED from AndroidManifest.xml:34:13
	android:label
		ADDED from AndroidManifest.xml:30:13
	android:launchMode
		ADDED from AndroidManifest.xml:33:13
	android:windowSoftInputMode
		ADDED from AndroidManifest.xml:31:13
	android:theme
		ADDED from AndroidManifest.xml:32:13
	android:name
		ADDED from AndroidManifest.xml:29:13
intent-filter#android.intent.action.MAIN+android.intent.category.DEFAULT+android.intent.category.LAUNCHER
ADDED from AndroidManifest.xml:35:13
action#android.intent.action.MAIN
ADDED from AndroidManifest.xml:36:17
	android:name
		ADDED from AndroidManifest.xml:36:25
category#android.intent.category.DEFAULT
ADDED from AndroidManifest.xml:38:17
	android:name
		ADDED from AndroidManifest.xml:38:27
category#android.intent.category.LAUNCHER
ADDED from AndroidManifest.xml:39:17
	android:name
		ADDED from AndroidManifest.xml:39:27
intent-filter#android.hardware.usb.action.USB_ACCESSORY_ATTACHED+android.hardware.usb.action.USB_DEVICE_ATTACHED
ADDED from AndroidManifest.xml:41:10
action#android.hardware.usb.action.USB_ACCESSORY_ATTACHED
ADDED from AndroidManifest.xml:42:17
	android:name
		ADDED from AndroidManifest.xml:42:25
action#android.hardware.usb.action.USB_DEVICE_ATTACHED
ADDED from AndroidManifest.xml:43:17
	android:name
		ADDED from AndroidManifest.xml:43:25
meta-data#android.hardware.usb.action.USB_ACCESSORY_ATTACHED
ADDED from AndroidManifest.xml:45:13
	android:resource
		ADDED from AndroidManifest.xml:46:33
	android:name
		ADDED from AndroidManifest.xml:45:24
meta-data#android.hardware.usb.action.USB_DEVICE_ATTACHED
ADDED from AndroidManifest.xml:47:13
	android:resource
		ADDED from AndroidManifest.xml:49:17
	android:name
		ADDED from AndroidManifest.xml:48:17
activity#com.marktreble.f3ftimer.racemanager.RaceActivity
ADDED from AndroidManifest.xml:52:9
	android:label
		ADDED from AndroidManifest.xml:55:13
	android:windowSoftInputMode
		ADDED from AndroidManifest.xml:56:13
	android:theme
		ADDED from AndroidManifest.xml:54:13
	android:name
		ADDED from AndroidManifest.xml:53:13
service#com.marktreble.f3ftimer.driver.USBJEService
ADDED from AndroidManifest.xml:60:3
	android:process
		ADDED from AndroidManifest.xml:63:9
	android:label
		ADDED from AndroidManifest.xml:61:9
	android:exported
		ADDED from AndroidManifest.xml:62:9
	android:name
		ADDED from AndroidManifest.xml:60:12
intent-filter#com.marktreble.f3ftimer.RaceTimerService
ADDED from AndroidManifest.xml:64:7
action#com.marktreble.f3ftimer.RaceTimerService
ADDED from AndroidManifest.xml:65:11
	android:name
		ADDED from AndroidManifest.xml:65:19
service#com.marktreble.f3ftimer.driver.USBArduinoService
ADDED from AndroidManifest.xml:69:9
	android:process
		ADDED from AndroidManifest.xml:72:13
	android:label
		ADDED from AndroidManifest.xml:70:13
	android:exported
		ADDED from AndroidManifest.xml:71:13
	android:name
		ADDED from AndroidManifest.xml:69:18
service#com.marktreble.f3ftimer.driver.SoftBuzzerService
ADDED from AndroidManifest.xml:78:9
	android:process
		ADDED from AndroidManifest.xml:81:13
	android:label
		ADDED from AndroidManifest.xml:79:13
	android:exported
		ADDED from AndroidManifest.xml:80:13
	android:name
		ADDED from AndroidManifest.xml:78:18
service#com.marktreble.f3ftimer.racemanager.RaceResultsService
ADDED from AndroidManifest.xml:87:9
	android:label
		ADDED from AndroidManifest.xml:87:88
	android:exported
		ADDED from AndroidManifest.xml:87:128
	android:name
		ADDED from AndroidManifest.xml:87:18
intent-filter#com.marktreble.f3ftimer.RaceResultsService
ADDED from AndroidManifest.xml:88:7
action#com.marktreble.f3ftimer.RaceResultsService
ADDED from AndroidManifest.xml:89:11
	android:name
		ADDED from AndroidManifest.xml:89:19
activity#com.marktreble.f3ftimer.resultsmanager.ResultsActivity
ADDED from AndroidManifest.xml:94:9
	android:clearTaskOnLaunch
		ADDED from AndroidManifest.xml:100:13
	android:label
		ADDED from AndroidManifest.xml:96:13
	android:launchMode
		ADDED from AndroidManifest.xml:99:13
	android:windowSoftInputMode
		ADDED from AndroidManifest.xml:97:13
	android:theme
		ADDED from AndroidManifest.xml:98:13
	android:name
		ADDED from AndroidManifest.xml:95:13
intent-filter#android.intent.action.MAIN+android.intent.category.LAUNCHER
ADDED from AndroidManifest.xml:101:13
activity#com.marktreble.f3ftimer.resultsmanager.ResultsRaceActivity
ADDED from AndroidManifest.xml:107:9
	android:label
		ADDED from AndroidManifest.xml:110:13
	android:theme
		ADDED from AndroidManifest.xml:109:13
	android:name
		ADDED from AndroidManifest.xml:108:13
activity#com.marktreble.f3ftimer.resultsmanager.ResultsRoundInProgressActivity
ADDED from AndroidManifest.xml:113:9
	android:label
		ADDED from AndroidManifest.xml:116:13
	android:theme
		ADDED from AndroidManifest.xml:115:13
	android:name
		ADDED from AndroidManifest.xml:114:13
activity#com.marktreble.f3ftimer.resultsmanager.ResultsCompletedRoundsActivity
ADDED from AndroidManifest.xml:119:9
	android:label
		ADDED from AndroidManifest.xml:122:13
	android:theme
		ADDED from AndroidManifest.xml:121:13
	android:name
		ADDED from AndroidManifest.xml:120:13
activity#com.marktreble.f3ftimer.resultsmanager.ResultsCompletedRoundActivity
ADDED from AndroidManifest.xml:125:9
	android:label
		ADDED from AndroidManifest.xml:128:13
	android:theme
		ADDED from AndroidManifest.xml:127:13
	android:name
		ADDED from AndroidManifest.xml:126:13
activity#com.marktreble.f3ftimer.resultsmanager.ResultsLeaderBoardActivity
ADDED from AndroidManifest.xml:131:9
	android:label
		ADDED from AndroidManifest.xml:134:13
	android:theme
		ADDED from AndroidManifest.xml:133:13
	android:name
		ADDED from AndroidManifest.xml:132:13
activity#com.marktreble.f3ftimer.pilotmanager.PilotsActivity
ADDED from AndroidManifest.xml:139:9
	android:clearTaskOnLaunch
		ADDED from AndroidManifest.xml:144:13
	android:label
		ADDED from AndroidManifest.xml:141:13
	android:launchMode
		ADDED from AndroidManifest.xml:143:13
	android:theme
		ADDED from AndroidManifest.xml:142:13
	android:name
		ADDED from AndroidManifest.xml:140:13
activity#com.marktreble.f3ftimer.dialog.NewRaceActivity
ADDED from AndroidManifest.xml:152:9
	android:windowSoftInputMode
		ADDED from AndroidManifest.xml:154:13
	android:theme
		ADDED from AndroidManifest.xml:153:75
	android:name
		ADDED from AndroidManifest.xml:153:13
activity#com.marktreble.f3ftimer.dialog.PilotsEditActivity
ADDED from AndroidManifest.xml:157:9
	android:windowSoftInputMode
		ADDED from AndroidManifest.xml:159:13
	android:theme
		ADDED from AndroidManifest.xml:158:78
	android:name
		ADDED from AndroidManifest.xml:158:13
activity#com.marktreble.f3ftimer.dialog.AboutActivity
ADDED from AndroidManifest.xml:162:9
	android:theme
		ADDED from AndroidManifest.xml:163:73
	android:name
		ADDED from AndroidManifest.xml:163:13
activity#com.marktreble.f3ftimer.dialog.HelpActivity
ADDED from AndroidManifest.xml:166:9
	android:theme
		ADDED from AndroidManifest.xml:167:72
	android:name
		ADDED from AndroidManifest.xml:167:13
activity#com.marktreble.f3ftimer.dialog.RaceTimerActivity
ADDED from AndroidManifest.xml:170:9
	android:theme
		ADDED from AndroidManifest.xml:171:77
	android:name
		ADDED from AndroidManifest.xml:171:13
activity#com.marktreble.f3ftimer.dialog.NextRoundActivity
ADDED from AndroidManifest.xml:174:9
	android:theme
		ADDED from AndroidManifest.xml:175:77
	android:name
		ADDED from AndroidManifest.xml:175:13
activity#com.marktreble.f3ftimer.dialog.SettingsActivity
ADDED from AndroidManifest.xml:178:9
	android:theme
		ADDED from AndroidManifest.xml:179:76
	android:name
		ADDED from AndroidManifest.xml:179:13
activity#com.marktreble.f3ftimer.dialog.TimeEntryActivity
ADDED from AndroidManifest.xml:182:9
	android:windowSoftInputMode
		ADDED from AndroidManifest.xml:184:13
	android:theme
		ADDED from AndroidManifest.xml:183:77
	android:name
		ADDED from AndroidManifest.xml:183:13
activity#com.marktreble.f3ftimer.dialog.RaceRoundTimeoutActivity
ADDED from AndroidManifest.xml:187:9
	android:theme
		ADDED from AndroidManifest.xml:188:84
	android:name
		ADDED from AndroidManifest.xml:188:13
activity#com.marktreble.f3ftimer.dialog.GroupScoreEditActivity
ADDED from AndroidManifest.xml:191:9
	android:windowSoftInputMode
		ADDED from AndroidManifest.xml:193:13
	android:theme
		ADDED from AndroidManifest.xml:192:82
	android:name
		ADDED from AndroidManifest.xml:192:13
activity#com.marktreble.f3ftimer.dialog.FlyingOrderEditActivity
ADDED from AndroidManifest.xml:196:9
	android:theme
		ADDED from AndroidManifest.xml:197:83
	android:name
		ADDED from AndroidManifest.xml:197:13
activity#com.marktreble.f3ftimer.bluetooth.BluetoothImport
ADDED from AndroidManifest.xml:200:9
	android:theme
		ADDED from AndroidManifest.xml:201:78
	android:name
		ADDED from AndroidManifest.xml:201:13
activity#com.marktreble.f3ftimer.bluetooth.BluetoothExport
ADDED from AndroidManifest.xml:204:9
	android:theme
		ADDED from AndroidManifest.xml:205:78
	android:name
		ADDED from AndroidManifest.xml:205:13
android:uses-permission#android.permission.READ_PHONE_STATE
IMPLIED from AndroidManifest.xml:2:1 reason: ioio.lib has a targetSdkVersion < 4